生成启动时间为 2017/4/21 21:14:37。
     1>项目“E:\Test\PlayUFO\PlayUFO\PlayUFO.vcxproj”在节点 2 上(build 个目标)。
     1>InitializeBuildStatus:
         正在对“Debug\PlayUFO.unsuccessfulbuild”执行 Touch 任务。
       ClCompile:
         所有输出均为最新。
         C:\Program Files (x86)\Microsoft Visual Studio 10.0\VC\bin\CL.exe /c /ZI /nologo /W3 /WX- /Od /Oy- /D WIN32 /D _DEBUG /D _CONSOLE /D _UNICODE /D UNICODE /Gm /EHsc /RTC1 /MDd /GS /fp:precise /Zc:wchar_t /Zc:forScope /Yu"StdAfx.h" /Fp"Debug\PlayUFO.pch" /Fo"Debug\\" /Fd"Debug\vc100.pdb" /Gd /TP /analyze- /errorReport:prompt PlayUFO.cpp
         PlayUFO.cpp
     1>e:\test\playufo\playufo\playufo.cpp(85): warning C4996: 'getch': The POSIX name for this item is deprecated. Instead, use the ISO C++ conformant name: _getch. See online help for details.
                 c:\program files (x86)\microsoft visual studio 10.0\vc\include\conio.h(128) : 参见“getch”的声明
       ManifestResourceCompile:
         C:\Program Files (x86)\Microsoft SDKs\Windows\v7.0A\bin\rc.exe /nologo /fo"Debug\PlayUFO.exe.embed.manifest.res" Debug\PlayUFO_manifest.rc 
       Link:
         C:\Program Files (x86)\Microsoft Visual Studio 10.0\VC\bin\link.exe /ERRORREPORT:PROMPT /OUT:"E:\Test\PlayUFO\Debug\PlayUFO.exe" /INCREMENTAL /NOLOGO kernel32.lib user32.lib gdi32.lib winspool.lib comdlg32.lib advapi32.lib shell32.lib ole32.lib oleaut32.lib uuid.lib odbc32.lib odbccp32.lib /MANIFEST /ManifestFile:"Debug\PlayUFO.exe.intermediate.manifest" /MANIFESTUAC:"level='asInvoker' uiAccess='false'" /DEBUG /PDB:"E:\Test\PlayUFO\Debug\PlayUFO.pdb" /SUBSYSTEM:CONSOLE /TLBID:1 /DYNAMICBASE /NXCOMPAT /IMPLIB:"E:\Test\PlayUFO\Debug\PlayUFO.lib" /MACHINE:X86 Debug\PlayUFO.exe.embed.manifest.res
         Debug\PlayUFO.obj
         Debug\stdafx.obj
       Manifest:
         C:\Program Files (x86)\Microsoft SDKs\Windows\v7.0A\bin\mt.exe /nologo /verbose /out:"Debug\PlayUFO.exe.embed.manifest" /manifest Debug\PlayUFO.exe.intermediate.manifest
         C:\Program Files (x86)\Microsoft SDKs\Windows\v7.0A\bin\rc.exe /nologo /fo"Debug\PlayUFO.exe.embed.manifest.res" Debug\PlayUFO_manifest.rc 
       LinkEmbedManifest:
         C:\Program Files (x86)\Microsoft Visual Studio 10.0\VC\bin\link.exe /ERRORREPORT:PROMPT /OUT:"E:\Test\PlayUFO\Debug\PlayUFO.exe" /INCREMENTAL /NOLOGO kernel32.lib user32.lib gdi32.lib winspool.lib comdlg32.lib advapi32.lib shell32.lib ole32.lib oleaut32.lib uuid.lib odbc32.lib odbccp32.lib /MANIFEST /ManifestFile:"Debug\PlayUFO.exe.intermediate.manifest" /MANIFESTUAC:"level='asInvoker' uiAccess='false'" /DEBUG /PDB:"E:\Test\PlayUFO\Debug\PlayUFO.pdb" /SUBSYSTEM:CONSOLE /TLBID:1 /DYNAMICBASE /NXCOMPAT /IMPLIB:"E:\Test\PlayUFO\Debug\PlayUFO.lib" /MACHINE:X86 Debug\PlayUFO.exe.embed.manifest.res
         Debug\PlayUFO.obj
         Debug\stdafx.obj
         PlayUFO.vcxproj -> E:\Test\PlayUFO\Debug\PlayUFO.exe
       FinalizeBuildStatus:
         正在删除文件“Debug\PlayUFO.unsuccessfulbuild”。
         正在对“Debug\PlayUFO.lastbuildstate”执行 Touch 任务。
     1>已完成生成项目“E:\Test\PlayUFO\PlayUFO\PlayUFO.vcxproj”(build 个目标)的操作。

生成成功。

已用时间 00:00:05.26
